Arguments: 
  /home/canale/.nvm/versions/node/v9.11.1/bin/node /home/canale/.yarn/bin/yarn.js add --dev @types/WebSocket

PATH: 
  /home/canale/.yarn/bin:/home/canale/.config/yarn/global/node_modules/.bin:/home/canale/Others/Path:/home/canale/.nvm/versions/node/v9.11.1/bin:/home/canale/.yarn/bin:/home/canale/.config/yarn/global/node_modules/.bin:/home/canale/Others/Path:/home/canale/.yarn/bin:/home/canale/.config/yarn/global/node_modules/.bin:/home/canale/Others/Path:/usr/local/sbin:/usr/local/bin:/usr/sbin:/usr/bin:/sbin:/bin:/usr/games:/usr/local/games:/snap/bin:/usr/lib/jvm/java-11-oracle/bin:/usr/lib/jvm/java-11-oracle/db/bin:/bin:/usr/lib/jvm/java-11-oracle/bin:/usr/lib/jvm/java-11-oracle/db/bin:/bin:/bin

Yarn version: 
  1.19.1

Node version: 
  9.11.1

Platform: 
  linux x64

Trace: 
  Error: https://registry.yarnpkg.com/@types%2fWebSocket: Not found
      at Request.params.callback [as _callback] (/home/canale/.yarn/lib/cli.js:66926:18)
      at Request.self.callback (/home/canale/.yarn/lib/cli.js:140564:22)
      at Request.emit (events.js:180:13)
      at Request.<anonymous> (/home/canale/.yarn/lib/cli.js:141536:10)
      at Request.emit (events.js:180:13)
      at IncomingMessage.<anonymous> (/home/canale/.yarn/lib/cli.js:141458:12)
      at Object.onceWrapper (events.js:272:13)
      at IncomingMessage.emit (events.js:185:15)
      at endReadableNT (_stream_readable.js:1106:12)
      at process._tickCallback (internal/process/next_tick.js:178:19)

npm manifest: 
  {
    "name": "@canale/websocket",
    "version": "2.0.3",
    "description": "> TODO: description",
    "author": "Canale <raffaelecanale@gmail.com>",
    "homepage": "https://github.com/RaffaeleCanale/wx-ts-library#readme",
    "license": "MIT",
    "main": "lib/index.js",
    "directories": {
      "lib": "lib",
      "test": "__tests__"
    },
    "files": [
      "lib"
    ],
    "publishConfig": {
      "access": "public"
    },
    "repository": {
      "type": "git",
      "url": "git+https://github.com/RaffaeleCanale/wx-ts-library.git"
    },
    "scripts": {
      "clean": "rm -rf lib/",
      "build": "tsc",
      "test": "echo \"Error: run tests from root\" && exit 1"
    },
    "bugs": {
      "url": "https://github.com/RaffaeleCanale/wx-ts-library/issues"
    },
    "dependencies": {
      "@canale/emitter": "^0.1.0",
      "@canale/logger": "^2.0.1",
      "uuid": "^7.0.2",
      "ws": "^7.2.2"
    },
    "devDependencies": {
      "@types/uuid": "^7.0.0",
      "@types/ws": "^7.2.2"
    }
  }

yarn manifest: 
  No manifest

Lockfile: 
  # THIS IS AN AUTOGENERATED FILE. DO NOT EDIT THIS FILE DIRECTLY.
  # yarn lockfile v1
  
  
  "@canale/emitter@^0.1.0":
    version "0.1.0"
    resolved "https://registry.yarnpkg.com/@canale/emitter/-/emitter-0.1.0.tgz#b23b0b7c0c3017ae70f9ee83851189e81562ebb1"
    integrity sha512-GqYohWXGLuOxxK8HF3AYLzzEwm1zT0V57xA8aZHycSosBuiHX+7qPUlYMaOZhMOI436Nrx94MEzjAhLh+mOFVQ==
    dependencies:
      lodash.isequal "^4.5.0"
  
  "@canale/logger@^0.1.0":
    version "0.1.0"
    resolved "https://registry.yarnpkg.com/@canale/logger/-/logger-0.1.0.tgz#731633679e6ee7247d8a04d42fbc1e28c2ff3d17"
    integrity sha512-IkDFp9suKU7I8W5IySUy9pqxrczECNldy/CfRaeeQUQSctgWSWzBO7OC6lqJDGTjfNYFYAh8AgoxLpvOElbd9A==
  
  "@types/node@*":
    version "13.9.0"
    resolved "https://registry.yarnpkg.com/@types/node/-/node-13.9.0.tgz#5b6ee7a77faacddd7de719017d0bc12f52f81589"
    integrity sha512-0ARSQootUG1RljH2HncpsY2TJBfGQIKOOi7kxzUY6z54ePu/ZD+wJA8zI2Q6v8rol2qpG/rvqsReco8zNMPvhQ==
  
  "@types/uuid@^7.0.0":
    version "7.0.0"
    resolved "https://registry.yarnpkg.com/@types/uuid/-/uuid-7.0.0.tgz#9f6993ccc8210efa90bda7e1afabbb06a9f860cd"
    integrity sha512-RiX1I0lK9WFLFqy2xOxke396f0wKIzk5sAll0tL4J4XDYJXURI7JOs96XQb3nP+2gEpQ/LutBb66jgiT5oQshQ==
  
  "@types/ws@^7.2.2":
    version "7.2.2"
    resolved "https://registry.yarnpkg.com/@types/ws/-/ws-7.2.2.tgz#1bd2038bc80aea60f8a20b2dcf08602a72e65063"
    integrity sha512-oqnI3DbGCVI9zJ/WHdFo3CUE8jQ8CVQDUIKaDtlTcNeT4zs6UCg9Gvk5QrFx2QPkRszpM6yc8o0p4aGjCsTi+w==
    dependencies:
      "@types/node" "*"
  
  lodash.isequal@^4.5.0:
    version "4.5.0"
    resolved "https://registry.yarnpkg.com/lodash.isequal/-/lodash.isequal-4.5.0.tgz#415c4478f2bcc30120c22ce10ed3226f7d3e18e0"
    integrity sha1-QVxEePK8wwEgwizhDtMib30+GOA=
  
  uuid@^7.0.2:
    version "7.0.2"
    resolved "https://registry.yarnpkg.com/uuid/-/uuid-7.0.2.tgz#7ff5c203467e91f5e0d85cfcbaaf7d2ebbca9be6"
    integrity sha512-vy9V/+pKG+5ZTYKf+VcphF5Oc6EFiu3W8Nv3P3zIh0EqVI80ZxOzuPfe9EHjkFNvf8+xuTHVeei4Drydlx4zjw==
  
  ws@^7.2.2:
    version "7.2.2"
    resolved "https://registry.yarnpkg.com/ws/-/ws-7.2.2.tgz#36df62f68f0d1a6ec66d3f880a02476f3a81f24f"
    integrity sha512-2qj/tYkDPDSVf7JiHanwEBwkhxi7DchFewIsSnR33MQtG3O/BPAJjqs4g6XEuayuRqIExSQMHZlmyDLbuSrXYw==
